<?xml version="1.0" encoding="UTF-8"?>
<!-- Generated by org.testng.reporters.JUnitReportReporter -->
<testsuite hostname="Georgis-iMac.local" name="BambooSparkFunctionalTests.BambooSparkExportTests" tests="16" failures="0" timestamp="5 Oct 2016 15:27:05 GMT" time="1124.863" errors="0">
  <testcase name="exportFileAsPNGInPreviewMode" time="64.811" classname="BambooSparkFunctionalTests.BambooSparkExportTests"/>
  <testcase name="exportFileAsPDFInPreviewMode" time="61.134" classname="BambooSparkFunctionalTests.BambooSparkExportTests"/>
  <testcase name="exportFileAsWILLSelectMode" time="62.485" classname="BambooSparkFunctionalTests.BambooSparkExportTests"/>
  <testcase name="exportMultipleFilesAsPDFSelectModeInSameOrientation" time="79.174" classname="BambooSparkFunctionalTests.BambooSparkExportTests"/>
  <testcase name="exportMultipleFilesAsPNGSelectModeInDifferentOrientation" time="83.269" classname="BambooSparkFunctionalTests.BambooSparkExportTests"/>
  <testcase name="exportMultipleFilesAsWillSelectModeInDifferentOrientation" time="73.113" classname="BambooSparkFunctionalTests.BambooSparkExportTests"/>
  <testcase name="exportFileAsPDFSelectMode" time="67.633" classname="BambooSparkFunctionalTests.BambooSparkExportTests"/>
  <testcase name="exportMultipleFilesAsWillSelectModeInSameOrientation" time="70.676" classname="BambooSparkFunctionalTests.BambooSparkExportTests"/>
  <testcase name="exportFileAsWILLInPreviewMode" time="59.326" classname="BambooSparkFunctionalTests.BambooSparkExportTests"/>
  <testcase name="exportFileAsJPGSelectMode" time="64.034" classname="BambooSparkFunctionalTests.BambooSparkExportTests"/>
  <testcase name="exportFileAsPNGSelectMode" time="67.305" classname="BambooSparkFunctionalTests.BambooSparkExportTests"/>
  <testcase name="exportMultipleFilesAsJPGInSelectModeInSameOrientation" time="78.293" classname="BambooSparkFunctionalTests.BambooSparkExportTests"/>
  <testcase name="exportMultipleFilesAsPDFSelectModeInDifferentOrientation" time="73.576" classname="BambooSparkFunctionalTests.BambooSparkExportTests"/>
  <testcase name="exportFileAsJPEGInPreviewMode" time="57.397" classname="BambooSparkFunctionalTests.BambooSparkExportTests"/>
  <testcase name="exportMultipleFilesAsJPGInSelectModeInDifferentOrientation" time="79.304" classname="BambooSparkFunctionalTests.BambooSparkExportTests"/>
  <testcase name="exportMultipleFilesAsPNGSelectModeInSameOrientation" time="83.333" classname="BambooSparkFunctionalTests.BambooSparkExportTests"/>
</testsuite> <!-- BambooSparkFunctionalTests.BambooSparkExportTests -->
